This is pdfTeX, Version 3.1415926-1.40.11 (TeX Live 2010) (format=pdflatex 2010.7.21)  31 JAN 2013 11:42
entering extended mode
 restricted \write18 enabled.
 %&-line parsing enabled.
**Heun_Dale_A_dynamic_approach_to_input-output_modeling_v7.tex
(./Heun_Dale_A_dynamic_approach_to_input-output_modeling_v7.tex
LaTeX2e <2009/09/24>
Babel <v3.8l> and hyphenation patterns for english, dumylang, nohyphenation, ge
rman-x-2009-06-19, ngerman-x-2009-06-19, ancientgreek, ibycus, arabic, armenian
, basque, bulgarian, catalan, pinyin, coptic, croatian, czech, danish, dutch, u
kenglish, usenglishmax, esperanto, estonian, farsi, finnish, french, galician, 
german, ngerman, swissgerman, monogreek, greek, hungarian, icelandic, assamese,
 bengali, gujarati, hindi, kannada, malayalam, marathi, oriya, panjabi, tamil, 
telugu, indonesian, interlingua, irish, italian, kurmanji, lao, latin, latvian,
 lithuanian, mongolian, mongolianlmc, bokmal, nynorsk, polish, portuguese, roma
nian, russian, sanskrit, serbian, slovak, slovenian, spanish, swedish, turkish,
 turkmen, ukrainian, uppersorbian, welsh, loaded.
(./elsarticle.cls
Document Class: elsarticle 2009/09/17, 1.20b: Elsevier Ltd
\@bls=\dimen102
(/usr/local/texlive/2010/texmf-dist/tex/latex/base/article.cls
Document Class: article 2007/10/19 v1.4h Standard LaTeX document class
(/usr/local/texlive/2010/texmf-dist/tex/latex/base/size12.clo
File: size12.clo 2007/10/19 v1.4h Standard LaTeX file (size option)
)
\c@part=\count79
\c@section=\count80
\c@subsection=\count81
\c@subsubsection=\count82
\c@paragraph=\count83
\c@subparagraph=\count84
\c@figure=\count85
\c@table=\count86
\abovecaptionskip=\skip41
\belowcaptionskip=\skip42
\bibindent=\dimen103
)
(/usr/local/texlive/2010/texmf-dist/tex/latex/graphics/graphicx.sty
Package: graphicx 1999/02/16 v1.0f Enhanced LaTeX Graphics (DPC,SPQR)

(/usr/local/texlive/2010/texmf-dist/tex/latex/graphics/keyval.sty
Package: keyval 1999/03/16 v1.13 key=value parser (DPC)
\KV@toks@=\toks14
)
(/usr/local/texlive/2010/texmf-dist/tex/latex/graphics/graphics.sty
Package: graphics 2009/02/05 v1.0o Standard LaTeX Graphics (DPC,SPQR)

(/usr/local/texlive/2010/texmf-dist/tex/latex/graphics/trig.sty
Package: trig 1999/03/16 v1.09 sin cos tan (DPC)
)
(/usr/local/texlive/2010/texmf-dist/tex/latex/latexconfig/graphics.cfg
File: graphics.cfg 2010/04/23 v1.9 graphics configuration of TeX Live
)
Package graphics Info: Driver file: pdftex.def on input line 91.

(/usr/local/texlive/2010/texmf-dist/tex/latex/pdftex-def/pdftex.def
File: pdftex.def 2010/02/14 v0.04n Graphics/color for pdfTeX
\Gread@gobject=\count87
))
\Gin@req@height=\dimen104
\Gin@req@width=\dimen105
)
(/usr/local/texlive/2010/texmf-dist/tex/latex/psnfss/pifont.sty
Package: pifont 2005/04/12 PSNFSS-v9.2a Pi font support (SPQR) 
LaTeX Font Info:    Try loading font information for U+pzd on input line 63.

(/usr/local/texlive/2010/texmf-dist/tex/latex/psnfss/upzd.fd
File: upzd.fd 2001/06/04 font definitions for U/pzd.
)
LaTeX Font Info:    Try loading font information for U+psy on input line 64.

(/usr/local/texlive/2010/texmf-dist/tex/latex/psnfss/upsy.fd
File: upsy.fd 2001/06/04 font definitions for U/psy.
))
\c@tnote=\count88
\c@fnote=\count89
\c@cnote=\count90
\c@ead=\count91
\c@author=\count92
\@eadauthor=\toks15
\c@affn=\count93
\absbox=\box26
\keybox=\box27
\Columnwidth=\dimen106
\space@left=\dimen107
\els@boxa=\box28
\els@boxb=\box29
\leftMargin=\dimen108
\@enLab=\toks16
\@sep=\skip43
\@@sep=\skip44

(./Heun_Dale_A_dynamic_approach_to_input-output_modeling_v7.spl)
(/usr/local/texlive/2010/texmf-dist/tex/latex/natbib/natbib.sty
Package: natbib 2009/11/07 8.31a (PWD, AO)
\bibhang=\skip45
\bibsep=\skip46
LaTeX Info: Redefining \cite on input line 694.
\c@NAT@ctr=\count94
)
\splwrite=\write3
\openout3 = `Heun_Dale_A_dynamic_approach_to_input-output_modeling_v7.spl'.

\appnamewidth=\dimen109
)
(/usr/local/texlive/2010/texmf-dist/tex/latex/amsfonts/amssymb.sty
Package: amssymb 2009/06/22 v3.00

(/usr/local/texlive/2010/texmf-dist/tex/latex/amsfonts/amsfonts.sty
Package: amsfonts 2009/06/22 v3.00 Basic AMSFonts support
\@emptytoks=\toks17
\symAMSa=\mathgroup4
\symAMSb=\mathgroup5
LaTeX Font Info:    Overwriting math alphabet `\mathfrak' in version `bold'
(Font)                  U/euf/m/n --> U/euf/b/n on input line 96.
))
(/usr/local/texlive/2010/texmf-dist/tex/latex/multirow/multirow.sty
\bigstrutjot=\dimen110
)
(/usr/local/texlive/2010/texmf-dist/tex/generic/babel/babel.sty
Package: babel 2008/07/06 v3.8l The Babel package

(/usr/local/texlive/2010/texmf-dist/tex/generic/babel/english.ldf
Language: english 2005/03/30 v3.3o English support from the babel system

(/usr/local/texlive/2010/texmf-dist/tex/generic/babel/babel.def
File: babel.def 2008/07/06 v3.8l Babel common definitions
\babel@savecnt=\count95
\U@D=\dimen111
)
\l@canadian = a dialect from \language\l@american 
\l@australian = a dialect from \language\l@british 
\l@newzealand = a dialect from \language\l@british 
))
(/usr/local/texlive/2010/texmf-dist/tex/latex/base/inputenc.sty
Package: inputenc 2008/03/30 v1.1d Input encoding file
\inpenc@prehook=\toks18
\inpenc@posthook=\toks19

(/usr/local/texlive/2010/texmf-dist/tex/latex/base/latin1.def
File: latin1.def 2008/03/30 v1.1d Input encoding file
))
(/usr/local/texlive/2010/texmf-dist/tex/latex/amsmath/amsmath.sty
Package: amsmath 2000/07/18 v2.13 AMS math features
\@mathmargin=\skip47

For additional information on amsmath, use the `?' option.
(/usr/local/texlive/2010/texmf-dist/tex/latex/amsmath/amstext.sty
Package: amstext 2000/06/29 v2.01

(/usr/local/texlive/2010/texmf-dist/tex/latex/amsmath/amsgen.sty
File: amsgen.sty 1999/11/30 v2.0
\@emptytoks=\toks20
\ex@=\dimen112
))
(/usr/local/texlive/2010/texmf-dist/tex/latex/amsmath/amsbsy.sty
Package: amsbsy 1999/11/29 v1.2d
\pmbraise@=\dimen113
)
(/usr/local/texlive/2010/texmf-dist/tex/latex/amsmath/amsopn.sty
Package: amsopn 1999/12/14 v2.01 operator names
)
\inf@bad=\count96
LaTeX Info: Redefining \frac on input line 211.
\uproot@=\count97
\leftroot@=\count98
LaTeX Info: Redefining \overline on input line 307.
\classnum@=\count99
\DOTSCASE@=\count100
LaTeX Info: Redefining \ldots on input line 379.
LaTeX Info: Redefining \dots on input line 382.
LaTeX Info: Redefining \cdots on input line 467.
\Mathstrutbox@=\box30
\strutbox@=\box31
\big@size=\dimen114
LaTeX Font Info:    Redeclaring font encoding OML on input line 567.
LaTeX Font Info:    Redeclaring font encoding OMS on input line 568.
\macc@depth=\count101
\c@MaxMatrixCols=\count102
\dotsspace@=\muskip10
\c@parentequation=\count103
\dspbrk@lvl=\count104
\tag@help=\toks21
\row@=\count105
\column@=\count106
\maxfields@=\count107
\andhelp@=\toks22
\eqnshift@=\dimen115
\alignsep@=\dimen116
\tagshift@=\dimen117
\tagwidth@=\dimen118
\totwidth@=\dimen119
\lineht@=\dimen120
\@envbody=\toks23
\multlinegap=\skip48
\multlinetaggap=\skip49
\mathdisplay@stack=\toks24
LaTeX Info: Redefining \[ on input line 2666.
LaTeX Info: Redefining \] on input line 2667.
)
(/usr/local/texlive/2010/texmf-dist/tex/latex/base/fixltx2e.sty
Package: fixltx2e 2006/09/13 v1.1m fixes to LaTeX
LaTeX Info: Redefining \em on input line 420.
LaTeX Info: The control sequence `\[' is already robust on input line 471.
LaTeX Info: The control sequence `\]' is already robust on input line 472.
)
(/usr/local/texlive/2010/texmf-dist/tex/latex/float/float.sty
Package: float 2001/11/08 v1.3d Float enhancements (AL)
\c@float@type=\count108
\float@exts=\toks25
\float@box=\box32
\@float@everytoks=\toks26
\@floatcapt=\box33
)
(/usr/local/texlive/2010/texmf-dist/tex/latex/graphics/lscape.sty
Package: lscape 2000/10/22 v3.01 Landscape Pages (DPC)
)
(/usr/local/texlive/2010/texmf-dist/tex/latex/soul/soul.sty
Package: soul 2003/11/17 v2.4 letterspacing/underlining (mf)
\SOUL@word=\toks27
\SOUL@lasttoken=\toks28
\SOUL@cmds=\toks29
\SOUL@buffer=\toks30
\SOUL@token=\toks31
\SOUL@spaceskip=\skip50
\SOUL@ttwidth=\dimen121
\SOUL@uldp=\dimen122
\SOUL@ulht=\dimen123
)
(/usr/local/texlive/2010/texmf-dist/tex/latex/rotating/rotating.sty
Package: rotating 2009/03/28 v2.16a rotated objects in LaTeX

(/usr/local/texlive/2010/texmf-dist/tex/latex/base/ifthen.sty
Package: ifthen 2001/05/26 v1.1c Standard LaTeX ifthen package (DPC)
)
\c@r@tfl@t=\count109
\rotFPtop=\skip51
\rotFPbot=\skip52
\rot@float@box=\box34
\rot@mess@toks=\toks32
)
(/usr/local/texlive/2010/texmf-dist/tex/latex/amscls/amsthm.sty
Package: amsthm 2004/08/06 v2.20
\thm@style=\toks33
\thm@bodyfont=\toks34
\thm@headfont=\toks35
\thm@notefont=\toks36
\thm@headpunct=\toks37
\thm@preskip=\skip53
\thm@postskip=\skip54
\thm@headsep=\skip55
\dth@everypar=\toks38
LaTeX Info: Redefining \qed on input line 283.
)
(/usr/local/texlive/2010/texmf-dist/tex/latex/lineno/lineno.sty
Package: lineno 2005/11/02 line numbers on paragraphs v4.41
\linenopenalty=\count110
\output=\toks39
\linenoprevgraf=\count111
\linenumbersep=\dimen124
\linenumberwidth=\dimen125
\c@linenumber=\count112
\c@pagewiselinenumber=\count113
\c@LN@truepage=\count114
\c@internallinenumber=\count115
\c@internallinenumbers=\count116
\quotelinenumbersep=\dimen126
\bframerule=\dimen127
\bframesep=\dimen128
\bframebox=\box35
LaTeX Info: Redefining \\ on input line 3056.
)
(./Heun_Dale_A_dynamic_approach_to_input-output_modeling_v7.aux)
\openout1 = `Heun_Dale_A_dynamic_approach_to_input-output_modeling_v7.aux'.

LaTeX Font Info:    Checking defaults for OML/cmm/m/it on input line 100.
LaTeX Font Info:    ... okay on input line 100.
LaTeX Font Info:    Checking defaults for T1/cmr/m/n on input line 100.
LaTeX Font Info:    ... okay on input line 100.
LaTeX Font Info:    Checking defaults for OT1/cmr/m/n on input line 100.
LaTeX Font Info:    ... okay on input line 100.
LaTeX Font Info:    Checking defaults for OMS/cmsy/m/n on input line 100.
LaTeX Font Info:    ... okay on input line 100.
LaTeX Font Info:    Checking defaults for OMX/cmex/m/n on input line 100.
LaTeX Font Info:    ... okay on input line 100.
LaTeX Font Info:    Checking defaults for U/cmr/m/n on input line 100.
LaTeX Font Info:    ... okay on input line 100.

(/usr/local/texlive/2010/texmf-dist/tex/context/base/supp-pdf.mkii
[Loading MPS to PDF converter (version 2006.09.02).]
\scratchcounter=\count117
\scratchdimen=\dimen129
\scratchbox=\box36
\nofMPsegments=\count118
\nofMParguments=\count119
\everyMPshowfont=\toks40
\MPscratchCnt=\count120
\MPscratchDim=\dimen130
\MPnumerator=\count121
\everyMPtoPDFconversion=\toks41
) (/usr/local/texlive/2010/texmf-dist/tex/generic/oberdiek/pdftexcmds.sty
Package: pdftexcmds 2010/04/01 v0.9 Utility functions of pdfTeX for LuaTeX (HO)


(/usr/local/texlive/2010/texmf-dist/tex/generic/oberdiek/infwarerr.sty
Package: infwarerr 2010/04/08 v1.3 Providing info/warning/message (HO)
)
(/usr/local/texlive/2010/texmf-dist/tex/generic/oberdiek/ifluatex.sty
Package: ifluatex 2010/03/01 v1.3 Provides the ifluatex switch (HO)
Package ifluatex Info: LuaTeX not detected.
)
(/usr/local/texlive/2010/texmf-dist/tex/generic/oberdiek/ltxcmds.sty
Package: ltxcmds 2010/04/26 v1.7 LaTeX kernel commands for general use (HO)
)
Package pdftexcmds Info: LuaTeX not detected.
Package pdftexcmds Info: \pdf@primitive is available.
Package pdftexcmds Info: \pdf@ifprimitive is available.
)
(/usr/local/texlive/2010/texmf-dist/tex/latex/oberdiek/epstopdf-base.sty
Package: epstopdf-base 2010/02/09 v2.5 Base part for package epstopdf

(/usr/local/texlive/2010/texmf-dist/tex/latex/oberdiek/grfext.sty
Package: grfext 2007/09/30 v1.0 Managing graphics extensions (HO)
)
(/usr/local/texlive/2010/texmf-dist/tex/latex/oberdiek/kvoptions.sty
Package: kvoptions 2010/02/22 v3.7 Keyval support for LaTeX options (HO)

(/usr/local/texlive/2010/texmf-dist/tex/generic/oberdiek/kvsetkeys.sty
Package: kvsetkeys 2010/03/01 v1.9 Key value parser (HO)

(/usr/local/texlive/2010/texmf-dist/tex/generic/oberdiek/etexcmds.sty
Package: etexcmds 2010/01/28 v1.3 Prefix for e-TeX command names (HO)
Package etexcmds Info: Could not find \expanded.
(etexcmds)             That can mean that you are not using pdfTeX 1.50 or
(etexcmds)             that some package has redefined \expanded.
(etexcmds)             In the latter case, load this package earlier.
)))
Package grfext Info: Graphics extension search list:
(grfext)             [.png,.pdf,.jpg,.mps,.jpeg,.jbig2,.jb2,.PNG,.PDF,.JPG,.JPE
G,.JBIG2,.JB2,.eps]
(grfext)             \AppendGraphicsExtensions on input line 436.

(/usr/local/texlive/2010/texmf-dist/tex/latex/latexconfig/epstopdf-sys.cfg
File: epstopdf-sys.cfg 2010/07/13 v1.3 Configuration of (r)epstopdf for TeX Liv
e
))
LaTeX Font Info:    Try loading font information for U+msa on input line 161.

(/usr/local/texlive/2010/texmf-dist/tex/latex/amsfonts/umsa.fd
File: umsa.fd 2009/06/22 v3.00 AMS symbols A
)
LaTeX Font Info:    Try loading font information for U+msb on input line 161.

(/usr/local/texlive/2010/texmf-dist/tex/latex/amsfonts/umsb.fd
File: umsb.fd 2009/06/22 v3.00 AMS symbols B
) [1


{/usr/local/texlive/2010/texmf-var/fonts/map/pdftex/updmap/pdftex.map}]

Package natbib Warning: Citation `Leontief1936' on page 2 undefined on input li
ne 175.


Package natbib Warning: Citation `Costanza1980' on page 2 undefined on input li
ne 179.

[2]

Package natbib Warning: Citation `Carter1974' on page 3 undefined on input line
 181.


Package natbib Warning: Citation `Bullard1975' on page 3 undefined on input lin
e 181.


Package natbib Warning: Citation `Bullard1978' on page 3 undefined on input lin
e 181.


Package natbib Warning: Citation `Herendeen1978' on page 3 undefined on input l
ine 181.


Package natbib Warning: Citation `Costanza1980' on page 3 undefined on input li
ne 181.


Package natbib Warning: Citation `Casler1984' on page 3 undefined on input line
 181.


Package natbib Warning: Citation `Joshi1999' on page 3 undefined on input line 
181.


Package natbib Warning: Citation `Suh2009' on page 3 undefined on input line 18
1.

[3] [4]

Package natbib Warning: Citation `Hall1986' on page 5 undefined on input line 1
95.


Package natbib Warning: Citation `Mudd2010' on page 5 undefined on input line 1
95.


Package natbib Warning: Citation `Brandt2011' on page 5 undefined on input line
 195.


Overfull \hbox (1.23302pt too wide) in paragraph at lines 195--196
[]\OT1/cmr/m/n/12 [DO WE NEED THIS SEC-TION? IT FEELS LIKE WE SHOULD MOVE
 []


Overfull \hbox (12.88283pt too wide) in paragraph at lines 195--196
\OT1/cmr/m/n/12 DE-CREAS-ING RE-SOURCE QUAL-ITY AND WHY A METHOD IS NEEDED
 []

[5]

Package natbib Warning: Citation `G-R1979a' on page 6 undefined on input line 1
99.


Package natbib Warning: Citation `G-R1979b' on page 6 undefined on input line 1
99.

[6] [7] <images/Basic_unit_v2.pdf, id=40, 645.99246pt x 920.66782pt>
File: images/Basic_unit_v2.pdf Graphic file (type pdf)

<use images/Basic_unit_v2.pdf> [8]
Overfull \vbox (16.11343pt too high) has occurred while \output is active []


[9 <./images/Basic_unit_v2.pdf>] [10] [11]
Overfull \hbox (7.92505pt too wide) in paragraph at lines 265--266
[]\OT1/cmr/m/n/12 Figure 2[] shows a single-sector Econ-omy (rep-re-sented by `
`econ-omy/society,''
 []

<images/I-O_one_sector_direct_energy.pdf, id=63, 1164.9874pt x 737.5711pt>
File: images/I-O_one_sector_direct_energy.pdf Graphic file (type pdf)

<use images/I-O_one_sector_direct_energy.pdf>

LaTeX Warning: `!h' float specifier changed to `!ht'.

[12] [13 <./images/I-O_one_sector_direct_energy.pdf>]
<images/I-O_one_sector_total_energy.pdf, id=81, 1164.9874pt x 737.5711pt>
File: images/I-O_one_sector_total_energy.pdf Graphic file (type pdf)

<use images/I-O_one_sector_total_energy.pdf> [14 <./images/I-O_one_sector_total
_energy.pdf>] [15] [16] [17] [18] [19]
<images/I-O_two_sector_direct_energy.pdf, id=110, 1164.9874pt x 737.5711pt>
File: images/I-O_two_sector_direct_energy.pdf Graphic file (type pdf)

<use images/I-O_two_sector_direct_energy.pdf> [20 <./images/I-O_two_sector_dire
ct_energy.pdf>]
<images/I-O_two_sector_total_energy.pdf, id=122, 1164.9874pt x 737.5711pt>
File: images/I-O_two_sector_total_energy.pdf Graphic file (type pdf)

<use images/I-O_two_sector_total_energy.pdf>

LaTeX Warning: `!h' float specifier changed to `!ht'.

[21] [22 <./images/I-O_two_sector_total_energy.pdf>] [23]
<images/I-O_two_sector_value.pdf, id=141, 1164.9874pt x 737.5711pt>
File: images/I-O_two_sector_value.pdf Graphic file (type pdf)

<use images/I-O_two_sector_value.pdf> [24 <./images/I-O_two_sector_value.pdf>]
[25]
<images/Heun_I-O_Process_Equivalence_3.pdf, id=157, 1389.12273pt x 278.01363pt>
File: images/Heun_I-O_Process_Equivalence_3.pdf Graphic file (type pdf)
<use images/Heun_I-O_Process_Equivalence_3.pdf> [26 <./images/Heun_I-O_Process_
Equivalence_3.pdf>]
<images/I-O_three_sector_direct_energy.pdf, id=169, 1127.93442pt x 818.46028pt>
File: images/I-O_three_sector_direct_energy.pdf Graphic file (type pdf)
<use images/I-O_three_sector_direct_energy.pdf>

LaTeX Warning: `!h' float specifier changed to `!ht'.

[27] [28 <./images/I-O_three_sector_direct_energy.pdf>]
<images/I-O_three_sector_total_energy.pdf, id=185, 1127.93442pt x 818.46028pt>
File: images/I-O_three_sector_total_energy.pdf Graphic file (type pdf)

<use images/I-O_three_sector_total_energy.pdf>

LaTeX Warning: `!h' float specifier changed to `!ht'.

[29] [30 <./images/I-O_three_sector_total_energy.pdf>] [31] [32] [33] [34]
[35] [36] [37]
Overfull \hbox (7.26176pt too wide) in paragraph at lines 981--982
\OT1/cmr/m/n/12 FAC-TURED GOODS - IN-CLUD-ING PACK-AG-ING AND NON-CONSUMER
 []

[38] <images/I-O_three_sector_value.pdf, id=226, 1127.93442pt x 818.46028pt>
File: images/I-O_three_sector_value.pdf Graphic file (type pdf)

<use images/I-O_three_sector_value.pdf>

LaTeX Warning: `!h' float specifier changed to `!ht'.


LaTeX Warning: Reference `eq:GER_def_ch_5' on page 39 undefined on input line 1
019.


LaTeX Warning: Reference `eq:NER_def_ch_5' on page 39 undefined on input line 1
019.

[39] [40 <./images/I-O_three_sector_value.pdf>]

LaTeX Warning: Reference `eq:C-CV_B_1_depreciation' on page 41 undefined on inp
ut line 1052.


LaTeX Warning: Reference `eq:C-CV_B_2_depreciation' on page 41 undefined on inp
ut line 1052.

[41] [42] [43]

LaTeX Warning: Reference `eq:eps1_ss_IO' on page 44 undefined on input line 117
9.


Overfull \hbox (49.443pt too wide) in paragraph at lines 1181--1183
[]\OT1/cmr/m/n/12 ************************** MATT ENDED HERE ******************
******* 
 []

[44] [45]
Overfull \hbox (48.0571pt too wide) in paragraph at lines 1219--1229
 [] 
 []

[46] [47] [48] [49] [50] [51]

Package natbib Warning: Citation `Costanza1980' on page 52 undefined on input l
ine 1334.


Package natbib Warning: Citation `Costanza1984' on page 52 undefined on input l
ine 1334.


Package natbib Warning: Citation `Odum1975' on page 52 undefined on input line 
1336.


Package natbib Warning: Citation `Odum1996' on page 52 undefined on input line 
1336.


Package natbib Warning: Citation `Brown2004' on page 52 undefined on input line
 1336.

[52] [53]

Package natbib Warning: Citation `Zwillinger2011' on page 54 undefined on input
 line 1505.

[54]
No file Heun_Dale_A_dynamic_approach_to_input-output_modeling_v7.bbl.

Package natbib Warning: There were undefined citations.

[55] (./Heun_Dale_A_dynamic_approach_to_input-output_modeling_v7.aux)

LaTeX Warning: There were undefined references.


LaTeX Warning: Label(s) may have changed. Rerun to get cross-references right.

 ) 
Here is how much of TeX's memory you used:
 4021 strings out of 493747
 54815 string characters out of 3143546
 118360 words of memory out of 3000000
 7194 multiletter control sequences out of 15000+200000
 16492 words of font info for 61 fonts, out of 3000000 for 9000
 714 hyphenation exceptions out of 8191
 38i,13n,34p,1932b,286s stack positions out of 5000i,500n,10000p,200000b,50000s
</usr/local/texlive/2010/texmf-dist/fonts/type1/public/amsfonts/cm/cmbx12.pfb
></usr/local/texlive/2010/texmf-dist/fonts/type1/public/amsfonts/cm/cmbx8.pfb><
/usr/local/texlive/2010/texmf-dist/fonts/type1/public/amsfonts/cm/cmex10.pfb></
usr/local/texlive/2010/texmf-dist/fonts/type1/public/amsfonts/cm/cmmi10.pfb></u
sr/local/texlive/2010/texmf-dist/fonts/type1/public/amsfonts/cm/cmmi12.pfb></us
r/local/texlive/2010/texmf-dist/fonts/type1/public/amsfonts/cm/cmmi6.pfb></usr/
local/texlive/2010/texmf-dist/fonts/type1/public/amsfonts/cm/cmmi8.pfb></usr/lo
cal/texlive/2010/texmf-dist/fonts/type1/public/amsfonts/cm/cmmib10.pfb></usr/lo
cal/texlive/2010/texmf-dist/fonts/type1/public/amsfonts/cm/cmr10.pfb></usr/loca
l/texlive/2010/texmf-dist/fonts/type1/public/amsfonts/cm/cmr12.pfb></usr/local/
texlive/2010/texmf-dist/fonts/type1/public/amsfonts/cm/cmr17.pfb></usr/local/te
xlive/2010/texmf-dist/fonts/type1/public/amsfonts/cm/cmr6.pfb></usr/local/texli
ve/2010/texmf-dist/fonts/type1/public/amsfonts/cm/cmr7.pfb></usr/local/texlive/
2010/texmf-dist/fonts/type1/public/amsfonts/cm/cmr8.pfb></usr/local/texlive/201
0/texmf-dist/fonts/type1/public/amsfonts/cm/cmss8.pfb></usr/local/texlive/2010/
texmf-dist/fonts/type1/public/amsfonts/cm/cmsy10.pfb></usr/local/texlive/2010/t
exmf-dist/fonts/type1/public/amsfonts/cm/cmsy7.pfb></usr/local/texlive/2010/tex
mf-dist/fonts/type1/public/amsfonts/cm/cmsy8.pfb></usr/local/texlive/2010/texmf
-dist/fonts/type1/public/amsfonts/cm/cmti10.pfb></usr/local/texlive/2010/texmf-
dist/fonts/type1/public/amsfonts/cm/cmti12.pfb></usr/local/texlive/2010/texmf-d
ist/fonts/type1/public/amsfonts/cm/cmti7.pfb></usr/local/texlive/2010/texmf-dis
t/fonts/type1/public/amsfonts/cm/cmtt10.pfb>
Output written on Heun_Dale_A_dynamic_approach_to_input-output_modeling_v7.pdf 
(55 pages, 494613 bytes).
PDF statistics:
 362 PDF objects out of 1000 (max. 8388607)
 250 compressed objects within 3 object streams
 0 named destinations out of 1000 (max. 500000)
 51 words of extra memory for PDF output out of 10000 (max. 10000000)

